[0.011s] Invoking command in '/home/gayathri/ros2/src/build/ball_pusher_robot': CMAKE_PREFIX_PATH=${CMAKE_PREFIX_PATH}:/opt/ros/jazzy DEBUGINFOD_URLS=https://debuginfod.ubuntu.com /usr/bin/cmake /home/gayathri/ros2/src/ball_pusher_robot -DCMAKE_INSTALL_PREFIX=/home/gayathri/ros2/src/install/ball_pusher_robot
[0.086s] -- The C compiler identification is GNU 13.3.0
[0.144s] -- The CXX compiler identification is GNU 13.3.0
[0.170s] -- Detecting C compiler ABI info
[0.270s] -- Detecting C compiler ABI info - done
[0.280s] -- Check for working C compiler: /usr/bin/cc - skipped
[0.280s] -- Detecting C compile features
[0.281s] -- Detecting C compile features - done
[0.293s] -- Detecting CXX compiler ABI info
[0.414s] -- Detecting CXX compiler ABI info - done
[0.421s] -- Check for working CXX compiler: /usr/bin/c++ - skipped
[0.422s] -- Detecting CXX compile features
[0.422s] -- Detecting CXX compile features - done
[0.426s] -- Found ament_cmake: 2.5.4 (/opt/ros/jazzy/share/ament_cmake/cmake)
[0.578s] -- Found Python3: /usr/bin/python3 (found version "3.12.3") found components: Interpreter 
[0.786s] -- Configuring done (0.8s)
[0.789s] -- Generating done (0.0s)
[0.791s] -- Build files have been written to: /home/gayathri/ros2/src/build/ball_pusher_robot
[0.795s] Invoked command in '/home/gayathri/ros2/src/build/ball_pusher_robot' returned '0': CMAKE_PREFIX_PATH=${CMAKE_PREFIX_PATH}:/opt/ros/jazzy DEBUGINFOD_URLS=https://debuginfod.ubuntu.com /usr/bin/cmake /home/gayathri/ros2/src/ball_pusher_robot -DCMAKE_INSTALL_PREFIX=/home/gayathri/ros2/src/install/ball_pusher_robot
[0.797s] Invoking command in '/home/gayathri/ros2/src/build/ball_pusher_robot': CMAKE_PREFIX_PATH=${CMAKE_PREFIX_PATH}:/opt/ros/jazzy DEBUGINFOD_URLS=https://debuginfod.ubuntu.com /usr/bin/cmake --build /home/gayathri/ros2/src/build/ball_pusher_robot -- -j8 -l8
[0.847s] Invoked command in '/home/gayathri/ros2/src/build/ball_pusher_robot' returned '0': CMAKE_PREFIX_PATH=${CMAKE_PREFIX_PATH}:/opt/ros/jazzy DEBUGINFOD_URLS=https://debuginfod.ubuntu.com /usr/bin/cmake --build /home/gayathri/ros2/src/build/ball_pusher_robot -- -j8 -l8
[0.859s] Invoking command in '/home/gayathri/ros2/src/build/ball_pusher_robot': CMAKE_PREFIX_PATH=${CMAKE_PREFIX_PATH}:/opt/ros/jazzy DEBUGINFOD_URLS=https://debuginfod.ubuntu.com /usr/bin/cmake --install /home/gayathri/ros2/src/build/ball_pusher_robot
[0.867s] -- Install configuration: ""
[0.867s] -- Installing: /home/gayathri/ros2/src/install/ball_pusher_robot/share/ball_pusher_robot/urdf
[0.868s] -- Installing: /home/gayathri/ros2/src/install/ball_pusher_robot/share/ball_pusher_robot/urdf/ball_pusher_with_physics.urdf
[0.868s] -- Installing: /home/gayathri/ros2/src/install/ball_pusher_robot/share/ball_pusher_robot/urdf/ball_pusher_gazebo.urdf
[0.868s] -- Installing: /home/gayathri/ros2/src/install/ball_pusher_robot/share/ball_pusher_robot/urdf/ball_pusher.urdf
[0.869s] -- Installing: /home/gayathri/ros2/src/install/ball_pusher_robot/share/ball_pusher_robot/launch
[0.869s] -- Installing: /home/gayathri/ros2/src/install/ball_pusher_robot/share/ball_pusher_robot/launch/spawn_robot.launch.py
[0.869s] -- Installing: /home/gayathri/ros2/src/install/ball_pusher_robot/share/ament_index/resource_index/package_run_dependencies/ball_pusher_robot
[0.869s] -- Installing: /home/gayathri/ros2/src/install/ball_pusher_robot/share/ament_index/resource_index/parent_prefix_path/ball_pusher_robot
[0.869s] -- Installing: /home/gayathri/ros2/src/install/ball_pusher_robot/share/ball_pusher_robot/environment/ament_prefix_path.sh
[0.870s] -- Installing: /home/gayathri/ros2/src/install/ball_pusher_robot/share/ball_pusher_robot/environment/ament_prefix_path.dsv
[0.870s] -- Installing: /home/gayathri/ros2/src/install/ball_pusher_robot/share/ball_pusher_robot/environment/path.sh
[0.870s] -- Installing: /home/gayathri/ros2/src/install/ball_pusher_robot/share/ball_pusher_robot/environment/path.dsv
[0.870s] -- Installing: /home/gayathri/ros2/src/install/ball_pusher_robot/share/ball_pusher_robot/local_setup.bash
[0.870s] -- Installing: /home/gayathri/ros2/src/install/ball_pusher_robot/share/ball_pusher_robot/local_setup.sh
[0.870s] -- Installing: /home/gayathri/ros2/src/install/ball_pusher_robot/share/ball_pusher_robot/local_setup.zsh
[0.870s] -- Installing: /home/gayathri/ros2/src/install/ball_pusher_robot/share/ball_pusher_robot/local_setup.dsv
[0.870s] -- Installing: /home/gayathri/ros2/src/install/ball_pusher_robot/share/ball_pusher_robot/package.dsv
[0.870s] -- Installing: /home/gayathri/ros2/src/install/ball_pusher_robot/share/ament_index/resource_index/packages/ball_pusher_robot
[0.871s] -- Installing: /home/gayathri/ros2/src/install/ball_pusher_robot/share/ball_pusher_robot/cmake/ball_pusher_robotConfig.cmake
[0.871s] -- Installing: /home/gayathri/ros2/src/install/ball_pusher_robot/share/ball_pusher_robot/cmake/ball_pusher_robotConfig-version.cmake
[0.871s] -- Installing: /home/gayathri/ros2/src/install/ball_pusher_robot/share/ball_pusher_robot/package.xml
[0.873s] Invoked command in '/home/gayathri/ros2/src/build/ball_pusher_robot' returned '0': CMAKE_PREFIX_PATH=${CMAKE_PREFIX_PATH}:/opt/ros/jazzy DEBUGINFOD_URLS=https://debuginfod.ubuntu.com /usr/bin/cmake --install /home/gayathri/ros2/src/build/ball_pusher_robot
