[0.100s] DEBUG:colcon:Command line arguments: ['/usr/bin/colcon', 'build', '--packages-select', 'ball_pusher_robot', 'ros2_assessment_world']
[0.100s] DEBUG:colcon:Parsed command line arguments: Namespace(log_base=None, log_level=None, verb_name='build', build_base='build', install_base='install', merge_install=False, symlink_install=False, test_result_base=None, continue_on_error=False, executor='parallel', parallel_workers=8, event_handlers=None, ignore_user_meta=False, metas=['./colcon.meta'], base_paths=['.'], packages_ignore=None, packages_ignore_regex=None, paths=None, packages_up_to=None, packages_up_to_regex=None, packages_above=None, packages_above_and_dependencies=None, packages_above_depth=None, packages_select_by_dep=None, packages_skip_by_dep=None, packages_skip_up_to=None, packages_select_build_failed=False, packages_skip_build_finished=False, packages_select_test_failures=False, packages_skip_test_passed=False, packages_select=['ball_pusher_robot', 'ros2_assessment_world'], packages_skip=None, packages_select_regex=None, packages_skip_regex=None, packages_start=None, packages_end=None, allow_overriding=[], cmake_args=None, cmake_target=None, cmake_target_skip_unavailable=False, cmake_clean_cache=False, cmake_clean_first=False, cmake_force_configure=False, ament_cmake_args=None, catkin_cmake_args=None, catkin_skip_building_tests=False, mixin_files=None, mixin=None, verb_parser=<colcon_mixin.mixin.mixin_argument.MixinArgumentDecorator object at 0x7d1349087e90>, verb_extension=<colcon_core.verb.build.BuildVerb object at 0x7d1349087680>, main=<bound method BuildVerb.main of <colcon_core.verb.build.BuildVerb object at 0x7d1349087680>>, mixin_verb=('build',))
[0.135s] Level 1:colcon.colcon_core.package_discovery:discover_packages(colcon_meta) check parameters
[0.135s] Level 1:colcon.colcon_core.package_discovery:discover_packages(recursive) check parameters
[0.135s] Level 1:colcon.colcon_core.package_discovery:discover_packages(ignore) check parameters
[0.135s] Level 1:colcon.colcon_core.package_discovery:discover_packages(path) check parameters
[0.135s] Level 1:colcon.colcon_core.package_discovery:discover_packages(colcon_meta) discover
[0.135s] Level 1:colcon.colcon_core.package_discovery:discover_packages(recursive) discover
[0.135s] INFO:colcon.colcon_core.package_discovery:Crawling recursively for packages in '/home/gayathri/ros2/src'
[0.135s] Level 1:colcon.colcon_core.package_identification:_identify(.) by extensions ['ignore', 'ignore_ament_install']
[0.136s] Level 1:colcon.colcon_core.package_identification:_identify(.) by extension 'ignore'
[0.136s] Level 1:colcon.colcon_core.package_identification:_identify(.) by extension 'ignore_ament_install'
[0.136s] Level 1:colcon.colcon_core.package_identification:_identify(.) by extensions ['colcon_pkg']
[0.136s] Level 1:colcon.colcon_core.package_identification:_identify(.) by extension 'colcon_pkg'
[0.136s] Level 1:colcon.colcon_core.package_identification:_identify(.) by extensions ['colcon_meta']
[0.136s] Level 1:colcon.colcon_core.package_identification:_identify(.) by extension 'colcon_meta'
[0.136s] Level 1:colcon.colcon_core.package_identification:_identify(.) by extensions ['ros']
[0.136s] Level 1:colcon.colcon_core.package_identification:_identify(.) by extension 'ros'
[0.159s] Level 1:colcon.colcon_core.package_identification:_identify(.) by extensions ['cmake', 'python']
[0.159s] Level 1:colcon.colcon_core.package_identification:_identify(.) by extension 'cmake'
[0.159s] Level 1:colcon.colcon_core.package_identification:_identify(.) by extension 'python'
[0.159s] Level 1:colcon.colcon_core.package_identification:_identify(.) by extensions ['python_setup_py']
[0.159s] Level 1:colcon.colcon_core.package_identification:_identify(.) by extension 'python_setup_py'
[0.160s] Level 1:colcon.colcon_core.package_identification:_identify(ball_pusher_robot) by extensions ['ignore', 'ignore_ament_install']
[0.160s] Level 1:colcon.colcon_core.package_identification:_identify(ball_pusher_robot) by extension 'ignore'
[0.160s] Level 1:colcon.colcon_core.package_identification:_identify(ball_pusher_robot) by extension 'ignore_ament_install'
[0.160s] Level 1:colcon.colcon_core.package_identification:_identify(ball_pusher_robot) by extensions ['colcon_pkg']
[0.160s] Level 1:colcon.colcon_core.package_identification:_identify(ball_pusher_robot) by extension 'colcon_pkg'
[0.160s] Level 1:colcon.colcon_core.package_identification:_identify(ball_pusher_robot) by extensions ['colcon_meta']
[0.160s] Level 1:colcon.colcon_core.package_identification:_identify(ball_pusher_robot) by extension 'colcon_meta'
[0.160s] Level 1:colcon.colcon_core.package_identification:_identify(ball_pusher_robot) by extensions ['ros']
[0.160s] Level 1:colcon.colcon_core.package_identification:_identify(ball_pusher_robot) by extension 'ros'
[0.162s] DEBUG:colcon.colcon_core.package_identification:Package 'ball_pusher_robot' with type 'ros.ament_cmake' and name 'ball_pusher_robot'
[0.162s] Level 1:colcon.colcon_core.package_identification:_identify(build) by extensions ['ignore', 'ignore_ament_install']
[0.162s] Level 1:colcon.colcon_core.package_identification:_identify(build) by extension 'ignore'
[0.162s] Level 1:colcon.colcon_core.package_identification:_identify(build) ignored
[0.162s] Level 1:colcon.colcon_core.package_identification:_identify(install) by extensions ['ignore', 'ignore_ament_install']
[0.162s] Level 1:colcon.colcon_core.package_identification:_identify(install) by extension 'ignore'
[0.162s] Level 1:colcon.colcon_core.package_identification:_identify(install) ignored
[0.162s] Level 1:colcon.colcon_core.package_identification:_identify(log) by extensions ['ignore', 'ignore_ament_install']
[0.162s] Level 1:colcon.colcon_core.package_identification:_identify(log) by extension 'ignore'
[0.162s] Level 1:colcon.colcon_core.package_identification:_identify(log) ignored
[0.162s] Level 1:colcon.colcon_core.package_identification:_identify(ros2_assessment_world) by extensions ['ignore', 'ignore_ament_install']
[0.163s] Level 1:colcon.colcon_core.package_identification:_identify(ros2_assessment_world) by extension 'ignore'
[0.163s] Level 1:colcon.colcon_core.package_identification:_identify(ros2_assessment_world) by extension 'ignore_ament_install'
[0.163s] Level 1:colcon.colcon_core.package_identification:_identify(ros2_assessment_world) by extensions ['colcon_pkg']
[0.163s] Level 1:colcon.colcon_core.package_identification:_identify(ros2_assessment_world) by extension 'colcon_pkg'
[0.163s] Level 1:colcon.colcon_core.package_identification:_identify(ros2_assessment_world) by extensions ['colcon_meta']
[0.163s] Level 1:colcon.colcon_core.package_identification:_identify(ros2_assessment_world) by extension 'colcon_meta'
[0.163s] Level 1:colcon.colcon_core.package_identification:_identify(ros2_assessment_world) by extensions ['ros']
[0.163s] Level 1:colcon.colcon_core.package_identification:_identify(ros2_assessment_world) by extension 'ros'
[0.163s] DEBUG:colcon.colcon_core.package_identification:Package 'ros2_assessment_world' with type 'ros.ament_cmake' and name 'assessment_world'
[0.163s] Level 1:colcon.colcon_core.package_discovery:discover_packages(recursive) using defaults
[0.163s] Level 1:colcon.colcon_core.package_discovery:discover_packages(ignore) discover
[0.163s] Level 1:colcon.colcon_core.package_discovery:discover_packages(ignore) using defaults
[0.163s] Level 1:colcon.colcon_core.package_discovery:discover_packages(path) discover
[0.163s] Level 1:colcon.colcon_core.package_discovery:discover_packages(path) using defaults
[0.163s] WARNING:colcon.colcon_core.package_selection:ignoring unknown package 'ros2_assessment_world' in --packages-select
[0.179s] INFO:colcon.colcon_core.package_selection:Skipping not selected package 'assessment_world' in 'ros2_assessment_world'
[0.179s] Level 1:colcon.colcon_core.package_discovery:discover_packages(prefix_path) check parameters
[0.179s] Level 1:colcon.colcon_core.package_discovery:discover_packages(prefix_path) discover
[0.180s] DEBUG:colcon.colcon_installed_package_information.package_discovery:Found 3 installed packages in /home/gayathri/ros2/install
[0.182s] DEBUG:colcon.colcon_installed_package_information.package_discovery:Found 368 installed packages in /opt/ros/jazzy
[0.185s] Level 1:colcon.colcon_core.package_discovery:discover_packages(prefix_path) using defaults
[0.222s] Level 5:colcon.colcon_core.verb:set package 'ball_pusher_robot' build argument 'cmake_args' from command line to 'None'
[0.222s] Level 5:colcon.colcon_core.verb:set package 'ball_pusher_robot' build argument 'cmake_target' from command line to 'None'
[0.222s] Level 5:colcon.colcon_core.verb:set package 'ball_pusher_robot' build argument 'cmake_target_skip_unavailable' from command line to 'False'
[0.222s] Level 5:colcon.colcon_core.verb:set package 'ball_pusher_robot' build argument 'cmake_clean_cache' from command line to 'False'
[0.222s] Level 5:colcon.colcon_core.verb:set package 'ball_pusher_robot' build argument 'cmake_clean_first' from command line to 'False'
[0.222s] Level 5:colcon.colcon_core.verb:set package 'ball_pusher_robot' build argument 'cmake_force_configure' from command line to 'False'
[0.222s] Level 5:colcon.colcon_core.verb:set package 'ball_pusher_robot' build argument 'ament_cmake_args' from command line to 'None'
[0.222s] Level 5:colcon.colcon_core.verb:set package 'ball_pusher_robot' build argument 'catkin_cmake_args' from command line to 'None'
[0.222s] Level 5:colcon.colcon_core.verb:set package 'ball_pusher_robot' build argument 'catkin_skip_building_tests' from command line to 'False'
[0.222s] DEBUG:colcon.colcon_core.verb:Building package 'ball_pusher_robot' with the following arguments: {'ament_cmake_args': None, 'build_base': '/home/gayathri/ros2/src/build/ball_pusher_robot', 'catkin_cmake_args': None, 'catkin_skip_building_tests': False, 'cmake_args': None, 'cmake_clean_cache': False, 'cmake_clean_first': False, 'cmake_force_configure': False, 'cmake_target': None, 'cmake_target_skip_unavailable': False, 'install_base': '/home/gayathri/ros2/src/install/ball_pusher_robot', 'merge_install': False, 'path': '/home/gayathri/ros2/src/ball_pusher_robot', 'symlink_install': False, 'test_result_base': None}
[0.222s] INFO:colcon.colcon_core.executor:Executing jobs using 'parallel' executor
[0.224s] DEBUG:colcon.colcon_parallel_executor.executor.parallel:run_until_complete
[0.224s] INFO:colcon.colcon_ros.task.ament_cmake.build:Building ROS package in '/home/gayathri/ros2/src/ball_pusher_robot' with build type 'ament_cmake'
[0.224s] INFO:colcon.colcon_cmake.task.cmake.build:Building CMake package in '/home/gayathri/ros2/src/ball_pusher_robot'
[0.226s] INFO:colcon.colcon_core.plugin_system:Skipping extension 'colcon_core.shell.bat': Not used on non-Windows systems
[0.226s] INFO:colcon.colcon_core.shell:Skip shell extension 'powershell' for command environment: Not usable outside of PowerShell
[0.226s] DEBUG:colcon.colcon_core.shell:Skip shell extension 'dsv' for command environment
[0.236s] DEBUG:colcon.colcon_core.event_handler.log_command:Invoking command in '/home/gayathri/ros2/src/build/ball_pusher_robot': CMAKE_PREFIX_PATH=${CMAKE_PREFIX_PATH}:/opt/ros/jazzy DEBUGINFOD_URLS=https://debuginfod.ubuntu.com /usr/bin/cmake /home/gayathri/ros2/src/ball_pusher_robot -DCMAKE_INSTALL_PREFIX=/home/gayathri/ros2/src/install/ball_pusher_robot
[1.020s] DEBUG:colcon.colcon_core.event_handler.log_command:Invoked command in '/home/gayathri/ros2/src/build/ball_pusher_robot' returned '0': CMAKE_PREFIX_PATH=${CMAKE_PREFIX_PATH}:/opt/ros/jazzy DEBUGINFOD_URLS=https://debuginfod.ubuntu.com /usr/bin/cmake /home/gayathri/ros2/src/ball_pusher_robot -DCMAKE_INSTALL_PREFIX=/home/gayathri/ros2/src/install/ball_pusher_robot
[1.021s] DEBUG:colcon.colcon_core.event_handler.log_command:Invoking command in '/home/gayathri/ros2/src/build/ball_pusher_robot': CMAKE_PREFIX_PATH=${CMAKE_PREFIX_PATH}:/opt/ros/jazzy DEBUGINFOD_URLS=https://debuginfod.ubuntu.com /usr/bin/cmake --build /home/gayathri/ros2/src/build/ball_pusher_robot -- -j8 -l8
[1.072s] DEBUG:colcon.colcon_core.event_handler.log_command:Invoked command in '/home/gayathri/ros2/src/build/ball_pusher_robot' returned '0': CMAKE_PREFIX_PATH=${CMAKE_PREFIX_PATH}:/opt/ros/jazzy DEBUGINFOD_URLS=https://debuginfod.ubuntu.com /usr/bin/cmake --build /home/gayathri/ros2/src/build/ball_pusher_robot -- -j8 -l8
[1.083s] DEBUG:colcon.colcon_core.event_handler.log_command:Invoking command in '/home/gayathri/ros2/src/build/ball_pusher_robot': CMAKE_PREFIX_PATH=${CMAKE_PREFIX_PATH}:/opt/ros/jazzy DEBUGINFOD_URLS=https://debuginfod.ubuntu.com /usr/bin/cmake --install /home/gayathri/ros2/src/build/ball_pusher_robot
[1.096s] Level 1:colcon.colcon_core.environment:create_environment_scripts_only(ball_pusher_robot)
[1.097s] DEBUG:colcon.colcon_core.event_handler.log_command:Invoked command in '/home/gayathri/ros2/src/build/ball_pusher_robot' returned '0': CMAKE_PREFIX_PATH=${CMAKE_PREFIX_PATH}:/opt/ros/jazzy DEBUGINFOD_URLS=https://debuginfod.ubuntu.com /usr/bin/cmake --install /home/gayathri/ros2/src/build/ball_pusher_robot
[1.099s] Level 1:colcon.colcon_core.environment:checking '/home/gayathri/ros2/src/install/ball_pusher_robot' for CMake module files
[1.099s] Level 1:colcon.colcon_core.environment:checking '/home/gayathri/ros2/src/install/ball_pusher_robot' for CMake config files
[1.100s] Level 1:colcon.colcon_core.shell:create_environment_hook('ball_pusher_robot', 'cmake_prefix_path')
[1.100s] INFO:colcon.colcon_core.shell:Creating environment hook '/home/gayathri/ros2/src/install/ball_pusher_robot/share/ball_pusher_robot/hook/cmake_prefix_path.ps1'
[1.100s] INFO:colcon.colcon_core.shell:Creating environment descriptor '/home/gayathri/ros2/src/install/ball_pusher_robot/share/ball_pusher_robot/hook/cmake_prefix_path.dsv'
[1.100s] INFO:colcon.colcon_core.shell:Creating environment hook '/home/gayathri/ros2/src/install/ball_pusher_robot/share/ball_pusher_robot/hook/cmake_prefix_path.sh'
[1.101s] Level 1:colcon.colcon_core.environment:checking '/home/gayathri/ros2/src/install/ball_pusher_robot/bin'
[1.101s] Level 1:colcon.colcon_core.environment:checking '/home/gayathri/ros2/src/install/ball_pusher_robot/lib/pkgconfig/ball_pusher_robot.pc'
[1.101s] Level 1:colcon.colcon_core.environment:checking '/home/gayathri/ros2/src/install/ball_pusher_robot/lib/python3.12/site-packages'
[1.101s] Level 1:colcon.colcon_core.environment:checking '/home/gayathri/ros2/src/install/ball_pusher_robot/bin'
[1.102s] INFO:colcon.colcon_core.shell:Creating package script '/home/gayathri/ros2/src/install/ball_pusher_robot/share/ball_pusher_robot/package.ps1'
[1.102s] INFO:colcon.colcon_core.shell:Creating package descriptor '/home/gayathri/ros2/src/install/ball_pusher_robot/share/ball_pusher_robot/package.dsv'
[1.103s] INFO:colcon.colcon_core.shell:Creating package script '/home/gayathri/ros2/src/install/ball_pusher_robot/share/ball_pusher_robot/package.sh'
[1.103s] INFO:colcon.colcon_core.shell:Creating package script '/home/gayathri/ros2/src/install/ball_pusher_robot/share/ball_pusher_robot/package.bash'
[1.103s] INFO:colcon.colcon_core.shell:Creating package script '/home/gayathri/ros2/src/install/ball_pusher_robot/share/ball_pusher_robot/package.zsh'
[1.104s] Level 1:colcon.colcon_core.environment:create_file_with_runtime_dependencies(/home/gayathri/ros2/src/install/ball_pusher_robot/share/colcon-core/packages/ball_pusher_robot)
[1.104s] Level 1:colcon.colcon_core.environment:create_environment_scripts_only(ball_pusher_robot)
[1.104s] Level 1:colcon.colcon_core.environment:checking '/home/gayathri/ros2/src/install/ball_pusher_robot' for CMake module files
[1.105s] Level 1:colcon.colcon_core.environment:checking '/home/gayathri/ros2/src/install/ball_pusher_robot' for CMake config files
[1.105s] Level 1:colcon.colcon_core.shell:create_environment_hook('ball_pusher_robot', 'cmake_prefix_path')
[1.105s] INFO:colcon.colcon_core.shell:Creating environment hook '/home/gayathri/ros2/src/install/ball_pusher_robot/share/ball_pusher_robot/hook/cmake_prefix_path.ps1'
[1.106s] INFO:colcon.colcon_core.shell:Creating environment descriptor '/home/gayathri/ros2/src/install/ball_pusher_robot/share/ball_pusher_robot/hook/cmake_prefix_path.dsv'
[1.106s] INFO:colcon.colcon_core.shell:Creating environment hook '/home/gayathri/ros2/src/install/ball_pusher_robot/share/ball_pusher_robot/hook/cmake_prefix_path.sh'
[1.107s] Level 1:colcon.colcon_core.environment:checking '/home/gayathri/ros2/src/install/ball_pusher_robot/bin'
[1.107s] Level 1:colcon.colcon_core.environment:checking '/home/gayathri/ros2/src/install/ball_pusher_robot/lib/pkgconfig/ball_pusher_robot.pc'
[1.107s] Level 1:colcon.colcon_core.environment:checking '/home/gayathri/ros2/src/install/ball_pusher_robot/lib/python3.12/site-packages'
[1.107s] Level 1:colcon.colcon_core.environment:checking '/home/gayathri/ros2/src/install/ball_pusher_robot/bin'
[1.107s] INFO:colcon.colcon_core.shell:Creating package script '/home/gayathri/ros2/src/install/ball_pusher_robot/share/ball_pusher_robot/package.ps1'
[1.108s] INFO:colcon.colcon_core.shell:Creating package descriptor '/home/gayathri/ros2/src/install/ball_pusher_robot/share/ball_pusher_robot/package.dsv'
[1.108s] INFO:colcon.colcon_core.shell:Creating package script '/home/gayathri/ros2/src/install/ball_pusher_robot/share/ball_pusher_robot/package.sh'
[1.109s] INFO:colcon.colcon_core.shell:Creating package script '/home/gayathri/ros2/src/install/ball_pusher_robot/share/ball_pusher_robot/package.bash'
[1.109s] INFO:colcon.colcon_core.shell:Creating package script '/home/gayathri/ros2/src/install/ball_pusher_robot/share/ball_pusher_robot/package.zsh'
[1.110s] Level 1:colcon.colcon_core.environment:create_file_with_runtime_dependencies(/home/gayathri/ros2/src/install/ball_pusher_robot/share/colcon-core/packages/ball_pusher_robot)
[1.110s] DEBUG:colcon.colcon_parallel_executor.executor.parallel:closing loop
[1.111s] DEBUG:colcon.colcon_parallel_executor.executor.parallel:loop closed
[1.111s] DEBUG:colcon.colcon_parallel_executor.executor.parallel:run_until_complete finished with '0'
[1.111s] DEBUG:colcon.colcon_core.event_reactor:joining thread
[1.117s] INFO:colcon.colcon_core.plugin_system:Skipping extension 'colcon_notification.desktop_notification.terminal_notifier': Not used on non-Darwin systems
[1.117s] INFO:colcon.colcon_core.plugin_system:Skipping extension 'colcon_notification.desktop_notification.win32': Not used on non-Windows systems
[1.117s] INFO:colcon.colcon_notification.desktop_notification:Sending desktop notification using 'notify2'
[1.138s] DEBUG:colcon.colcon_core.event_reactor:joined thread
[1.138s] INFO:colcon.colcon_core.shell:Creating prefix script '/home/gayathri/ros2/src/install/local_setup.ps1'
[1.139s] INFO:colcon.colcon_core.shell:Creating prefix util module '/home/gayathri/ros2/src/install/_local_setup_util_ps1.py'
[1.140s] INFO:colcon.colcon_core.shell:Creating prefix chain script '/home/gayathri/ros2/src/install/setup.ps1'
[1.141s] INFO:colcon.colcon_core.shell:Creating prefix script '/home/gayathri/ros2/src/install/local_setup.sh'
[1.141s] INFO:colcon.colcon_core.shell:Creating prefix util module '/home/gayathri/ros2/src/install/_local_setup_util_sh.py'
[1.141s] INFO:colcon.colcon_core.shell:Creating prefix chain script '/home/gayathri/ros2/src/install/setup.sh'
[1.142s] INFO:colcon.colcon_core.shell:Creating prefix script '/home/gayathri/ros2/src/install/local_setup.bash'
[1.142s] INFO:colcon.colcon_core.shell:Creating prefix chain script '/home/gayathri/ros2/src/install/setup.bash'
[1.143s] INFO:colcon.colcon_core.shell:Creating prefix script '/home/gayathri/ros2/src/install/local_setup.zsh'
[1.143s] INFO:colcon.colcon_core.shell:Creating prefix chain script '/home/gayathri/ros2/src/install/setup.zsh'
